d:\visual\cgp_final\cgp_final\debug\vc142.pdb
d:\visual\cgp_final\cgp_final\debug\vc142.idb
d:\visual\cgp_final\cgp_final\debug\timerclass.obj
d:\visual\cgp_final\cgp_final\debug\textureshaderclass.obj
d:\visual\cgp_final\cgp_final\debug\textureclass.obj
d:\visual\cgp_final\cgp_final\debug\textclass.obj
d:\visual\cgp_final\cgp_final\debug\systemclass.obj
d:\visual\cgp_final\cgp_final\debug\modelclass.obj
d:\visual\cgp_final\cgp_final\debug\main.obj
d:\visual\cgp_final\cgp_final\debug\lightshaderclass.obj
d:\visual\cgp_final\cgp_final\debug\lightclass.obj
d:\visual\cgp_final\cgp_final\debug\inputclass.obj
d:\visual\cgp_final\cgp_final\debug\fpsclass.obj
d:\visual\cgp_final\cgp_final\debug\fontshaderclass.obj
d:\visual\cgp_final\cgp_final\debug\fontclass.obj
d:\visual\cgp_final\cgp_final\debug\d3dclass.obj
d:\visual\cgp_final\cgp_final\debug\cpuclass.obj
d:\visual\cgp_final\cgp_final\debug\cameraclass.obj
d:\visual\cgp_final\cgp_final\debug\bitmapclass.obj
d:\visual\cgp_final\cgp_final\debug\cgp_final.tlog\cl.command.1.tlog
d:\visual\cgp_final\cgp_final\debug\cgp_final.tlog\cl.read.1.tlog
d:\visual\cgp_final\cgp_final\debug\cgp_final.tlog\cl.write.1.tlog
